Watching for file changes with StatReloader
/Users/mac/coze/AI-Educational-Saas/backend/users/models.py changed, reloading.
Performing system checks...

System check identified no issues (0 silenced).
June 09, 2025 - 14:11:02
Django version 4.2.22, using settings 'account_system.settings'
Starting development server at http://0.0.0.0:8000/
Quit the server with CONTROL-C.

Watching for file changes with StatReloader
/Users/mac/coze/AI-Educational-Saas/backend/users/serializers.py changed, reloading.
Performing system checks...

System check identified no issues (0 silenced).
Watching for file changes with StatReloader
/Users/mac/coze/AI-Educational-Saas/backend/users/views.py changed, reloading.
Performing system checks...

System check identified no issues (0 silenced).
Watching for file changes with StatReloader
/Users/mac/coze/AI-Educational-Saas/backend/users/urls.py changed, reloading.
Performing system checks...

System check identified no issues (0 silenced).
June 09, 2025 - 14:15:25
Django version 4.2.22, using settings 'account_system.settings'
Starting development server at http://0.0.0.0:8000/
Quit the server with CONTROL-C.

Watching for file changes with StatReloader
Watching for file changes with StatReloader
[09/Jun/2025 14:16:41] "OPTIONS /api/users/?page=1&page_size=10&search= HTTP/1.1" 200 0
[09/Jun/2025 14:16:41] "OPTIONS /api/users/groups/ HTTP/1.1" 200 0
[09/Jun/2025 14:16:41] "OPTIONS /api/users/groups/ HTTP/1.1" 200 0
[09/Jun/2025 14:16:41] "OPTIONS /api/users/?page=1&page_size=10&search= HTTP/1.1" 200 0
[09/Jun/2025 14:16:41] "GET /api/users/groups/ HTTP/1.1" 200 87
[09/Jun/2025 14:16:41] "GET /api/users/groups/ HTTP/1.1" 200 87
[09/Jun/2025 14:16:41] "GET /api/users/?page=1&page_size=10&search= HTTP/1.1" 200 423
[09/Jun/2025 14:16:41] "GET /api/users/?page=1&page_size=10&search= HTTP/1.1" 200 423
[09/Jun/2025 14:16:44] "OPTIONS /api/users/groups/ HTTP/1.1" 200 0
[09/Jun/2025 14:16:44] "OPTIONS /api/users/groups/ HTTP/1.1" 200 0
[09/Jun/2025 14:16:44] "GET /api/users/groups/ HTTP/1.1" 200 87
[09/Jun/2025 14:16:44] "GET /api/users/groups/ HTTP/1.1" 200 87
[09/Jun/2025 14:16:47] "OPTIONS /api/users/?page=1&page_size=10&search= HTTP/1.1" 200 0
[09/Jun/2025 14:16:47] "OPTIONS /api/users/groups/ HTTP/1.1" 200 0
[09/Jun/2025 14:16:47] "OPTIONS /api/users/?page=1&page_size=10&search= HTTP/1.1" 200 0
[09/Jun/2025 14:16:47] "OPTIONS /api/users/groups/ HTTP/1.1" 200 0
[09/Jun/2025 14:16:47] "GET /api/users/?page=1&page_size=10&search= HTTP/1.1" 200 423
[09/Jun/2025 14:16:47] "GET /api/users/?page=1&page_size=10&search= HTTP/1.1" 200 423
[09/Jun/2025 14:16:47] "GET /api/users/groups/ HTTP/1.1" 200 87
[09/Jun/2025 14:16:47] "GET /api/users/groups/ HTTP/1.1" 200 87
[09/Jun/2025 14:16:48] "OPTIONS /api/users/groups/ HTTP/1.1" 200 0
[09/Jun/2025 14:16:48] "OPTIONS /api/users/groups/ HTTP/1.1" 200 0
[09/Jun/2025 14:16:48] "GET /api/users/groups/ HTTP/1.1" 200 87
[09/Jun/2025 14:16:48] "GET /api/users/groups/ HTTP/1.1" 200 87
[09/Jun/2025 14:17:13] "OPTIONS /api/agents/ HTTP/1.1" 200 0
[09/Jun/2025 14:17:13] "OPTIONS /api/agents/ HTTP/1.1" 200 0
[09/Jun/2025 14:17:13] "GET /api/agents/ HTTP/1.1" 200 2
[09/Jun/2025 14:17:13] "GET /api/agents/ HTTP/1.1" 200 2
[09/Jun/2025 14:26:01] "OPTIONS /api/agents/ HTTP/1.1" 200 0
[09/Jun/2025 14:26:01] "OPTIONS /api/agents/ HTTP/1.1" 200 0
[09/Jun/2025 14:26:01] "GET /api/agents/ HTTP/1.1" 200 2
[09/Jun/2025 14:26:01] "GET /api/agents/ HTTP/1.1" 200 2
[09/Jun/2025 14:26:03] "OPTIONS /api/userinfo/ HTTP/1.1" 200 0
[09/Jun/2025 14:26:03] "OPTIONS /api/userinfo/ HTTP/1.1" 200 0
[09/Jun/2025 14:26:03] "GET /api/userinfo/ HTTP/1.1" 200 165
[09/Jun/2025 14:26:03] "GET /api/userinfo/ HTTP/1.1" 200 165
[09/Jun/2025 14:26:05] "OPTIONS /api/agents/ HTTP/1.1" 200 0
[09/Jun/2025 14:26:05] "OPTIONS /api/agents/ HTTP/1.1" 200 0
[09/Jun/2025 14:26:05] "GET /api/agents/ HTTP/1.1" 200 2
[09/Jun/2025 14:26:05] "GET /api/agents/ HTTP/1.1" 200 2
[09/Jun/2025 14:28:47] "OPTIONS /api/agents/ HTTP/1.1" 200 0
[09/Jun/2025 14:28:47] "GET /api/agents/ HTTP/1.1" 200 2
[09/Jun/2025 14:28:47] "OPTIONS /api/agents/ HTTP/1.1" 200 0
[09/Jun/2025 14:28:47] "GET /api/agents/ HTTP/1.1" 200 2
[09/Jun/2025 14:28:47] "OPTIONS /api/agents/ HTTP/1.1" 200 0
[09/Jun/2025 14:28:47] "GET /api/agents/ HTTP/1.1" 200 2
[09/Jun/2025 14:28:48] "OPTIONS /api/agents/ HTTP/1.1" 200 0
[09/Jun/2025 14:28:48] "GET /api/agents/ HTTP/1.1" 200 2
[09/Jun/2025 14:28:48] "OPTIONS /api/agents/ HTTP/1.1" 200 0
[09/Jun/2025 14:28:48] "GET /api/agents/ HTTP/1.1" 200 2
[09/Jun/2025 14:28:48] "OPTIONS /api/agents/ HTTP/1.1" 200 0
[09/Jun/2025 14:28:48] "GET /api/agents/ HTTP/1.1" 200 2
[09/Jun/2025 14:28:48] "OPTIONS /api/agents/ HTTP/1.1" 200 0
[09/Jun/2025 14:28:48] "GET /api/agents/ HTTP/1.1" 200 2
[09/Jun/2025 14:28:48] "OPTIONS /api/agents/ HTTP/1.1" 200 0
[09/Jun/2025 14:28:48] "GET /api/agents/ HTTP/1.1" 200 2
[09/Jun/2025 14:28:48] "OPTIONS /api/agents/ HTTP/1.1" 200 0
[09/Jun/2025 14:28:49] "GET /api/agents/ HTTP/1.1" 200 2
[09/Jun/2025 14:28:49] "OPTIONS /api/agents/ HTTP/1.1" 200 0
[09/Jun/2025 14:28:49] "GET /api/agents/ HTTP/1.1" 200 2
[09/Jun/2025 14:28:49] "OPTIONS /api/agents/ HTTP/1.1" 200 0
[09/Jun/2025 14:28:49] "GET /api/agents/ HTTP/1.1" 200 2
[09/Jun/2025 14:28:49] "OPTIONS /api/agents/ HTTP/1.1" 200 0
[09/Jun/2025 14:28:49] "GET /api/agents/ HTTP/1.1" 200 2
[09/Jun/2025 14:28:49] "OPTIONS /api/agents/ HTTP/1.1" 200 0
[09/Jun/2025 14:28:49] "GET /api/agents/ HTTP/1.1" 200 2
[09/Jun/2025 14:28:49] "OPTIONS /api/agents/ HTTP/1.1" 200 0
[09/Jun/2025 14:28:49] "GET /api/agents/ HTTP/1.1" 200 2
[09/Jun/2025 14:28:50] "OPTIONS /api/agents/ HTTP/1.1" 200 0
[09/Jun/2025 14:28:50] "GET /api/agents/ HTTP/1.1" 200 2
[09/Jun/2025 14:28:52] "OPTIONS /api/users/?page=1&page_size=10&search= HTTP/1.1" 200 0
[09/Jun/2025 14:28:52] "OPTIONS /api/users/?page=1&page_size=10&search= HTTP/1.1" 200 0
[09/Jun/2025 14:28:52] "OPTIONS /api/users/groups/ HTTP/1.1" 200 0
[09/Jun/2025 14:28:52] "OPTIONS /api/users/groups/ HTTP/1.1" 200 0
[09/Jun/2025 14:28:52] "GET /api/users/?page=1&page_size=10&search= HTTP/1.1" 200 423
[09/Jun/2025 14:28:52] "GET /api/users/?page=1&page_size=10&search= HTTP/1.1" 200 423
[09/Jun/2025 14:28:52] "GET /api/users/groups/ HTTP/1.1" 200 87
[09/Jun/2025 14:28:52] "GET /api/users/groups/ HTTP/1.1" 200 87
[09/Jun/2025 14:28:53] "OPTIONS /api/users/groups/ HTTP/1.1" 200 0
[09/Jun/2025 14:28:53] "OPTIONS /api/users/groups/ HTTP/1.1" 200 0
[09/Jun/2025 14:28:54] "GET /api/users/groups/ HTTP/1.1" 200 87
[09/Jun/2025 14:28:54] "GET /api/users/groups/ HTTP/1.1" 200 87
[09/Jun/2025 14:28:55] "OPTIONS /api/users/?page=1&page_size=10&search= HTTP/1.1" 200 0
[09/Jun/2025 14:28:55] "OPTIONS /api/users/groups/ HTTP/1.1" 200 0
[09/Jun/2025 14:28:55] "OPTIONS /api/users/?page=1&page_size=10&search= HTTP/1.1" 200 0
[09/Jun/2025 14:28:55] "OPTIONS /api/users/groups/ HTTP/1.1" 200 0
[09/Jun/2025 14:28:55] "GET /api/users/groups/ HTTP/1.1" 200 87
[09/Jun/2025 14:28:55] "GET /api/users/groups/ HTTP/1.1" 200 87
[09/Jun/2025 14:28:55] "GET /api/users/?page=1&page_size=10&search= HTTP/1.1" 200 423
[09/Jun/2025 14:28:55] "GET /api/users/?page=1&page_size=10&search= HTTP/1.1" 200 423
[09/Jun/2025 14:28:58] "OPTIONS /api/users/?page=1&page_size=10&search= HTTP/1.1" 200 0
[09/Jun/2025 14:28:58] "GET /api/users/?page=1&page_size=10&search= HTTP/1.1" 200 423
[09/Jun/2025 14:29:01] "OPTIONS /api/users/export/ HTTP/1.1" 200 0
Not Found: /api/users/export/
[09/Jun/2025 14:29:01] "GET /api/users/export/ HTTP/1.1" 404 18166
[09/Jun/2025 14:29:03] "OPTIONS /api/users/export/ HTTP/1.1" 200 0
Not Found: /api/users/export/
[09/Jun/2025 14:29:03] "GET /api/users/export/ HTTP/1.1" 404 18166
[09/Jun/2025 14:29:07] "OPTIONS /api/users/export/ HTTP/1.1" 200 0
Not Found: /api/users/export/
[09/Jun/2025 14:29:07] "GET /api/users/export/ HTTP/1.1" 404 18166
[09/Jun/2025 14:29:09] "OPTIONS /api/users/?page=1&page_size=10&search= HTTP/1.1" 200 0
[09/Jun/2025 14:29:09] "GET /api/users/?page=1&page_size=10&search= HTTP/1.1" 200 423
[09/Jun/2025 14:29:29] "OPTIONS /api/agents/ HTTP/1.1" 200 0
[09/Jun/2025 14:29:29] "OPTIONS /api/agents/ HTTP/1.1" 200 0
[09/Jun/2025 14:29:29] "GET /api/agents/ HTTP/1.1" 200 2
[09/Jun/2025 14:29:29] "GET /api/agents/ HTTP/1.1" 200 2
[09/Jun/2025 14:31:21] "OPTIONS /api/userinfo/ HTTP/1.1" 200 0
[09/Jun/2025 14:31:21] "OPTIONS /api/userinfo/ HTTP/1.1" 200 0
[09/Jun/2025 14:31:21] "GET /api/userinfo/ HTTP/1.1" 200 165
[09/Jun/2025 14:31:21] "GET /api/userinfo/ HTTP/1.1" 200 165
[09/Jun/2025 14:31:22] "OPTIONS /api/agents/ HTTP/1.1" 200 0
[09/Jun/2025 14:31:22] "OPTIONS /api/agents/ HTTP/1.1" 200 0
[09/Jun/2025 14:31:22] "GET /api/agents/ HTTP/1.1" 200 2
[09/Jun/2025 14:31:22] "GET /api/agents/ HTTP/1.1" 200 2
[09/Jun/2025 14:31:37] "OPTIONS /api/agents/ HTTP/1.1" 200 0
[09/Jun/2025 14:31:37] "POST /api/agents/ HTTP/1.1" 201 115
[09/Jun/2025 14:31:37] "OPTIONS /api/agents/ HTTP/1.1" 200 0
[09/Jun/2025 14:31:37] "GET /api/agents/ HTTP/1.1" 200 117
[09/Jun/2025 14:31:42] "OPTIONS /api/agents/1/ HTTP/1.1" 200 0
[09/Jun/2025 14:31:42] "PUT /api/agents/1/ HTTP/1.1" 200 115
[09/Jun/2025 14:31:42] "OPTIONS /api/agents/ HTTP/1.1" 200 0
[09/Jun/2025 14:31:42] "GET /api/agents/ HTTP/1.1" 200 117
[09/Jun/2025 14:31:43] "OPTIONS /api/agents/ HTTP/1.1" 200 0
[09/Jun/2025 14:31:43] "GET /api/agents/ HTTP/1.1" 200 117
[09/Jun/2025 14:31:44] "OPTIONS /api/agents/ HTTP/1.1" 200 0
[09/Jun/2025 14:31:44] "GET /api/agents/ HTTP/1.1" 200 117
[09/Jun/2025 14:31:44] "OPTIONS /api/agents/ HTTP/1.1" 200 0
[09/Jun/2025 14:31:44] "GET /api/agents/ HTTP/1.1" 200 117
[09/Jun/2025 14:31:44] "OPTIONS /api/agents/ HTTP/1.1" 200 0
[09/Jun/2025 14:31:44] "GET /api/agents/ HTTP/1.1" 200 117
